0 info it worked if it ends with ok
1 verbose cli [ '/usr/local/bin/node',
1 verbose cli   '/usr/local/bin/npm',
1 verbose cli   'install',
1 verbose cli   '-g',
1 verbose cli   'brower-sync' ]
2 info using npm@3.8.9
3 info using node@v6.2.0
4 silly loadCurrentTree Starting
5 silly install loadCurrentTree
6 silly install readGlobalPackageData
7 silly fetchPackageMetaData brower-sync
8 silly fetchNamedPackageData brower-sync
9 silly mapToRegistry name brower-sync
10 silly mapToRegistry using default registry
11 silly mapToRegistry registry http://r.cnpmjs.org/
12 silly mapToRegistry data Result {
12 silly mapToRegistry   raw: 'brower-sync',
12 silly mapToRegistry   scope: null,
12 silly mapToRegistry   name: 'brower-sync',
12 silly mapToRegistry   rawSpec: '',
12 silly mapToRegistry   spec: 'latest',
12 silly mapToRegistry   type: 'tag' }
13 silly mapToRegistry uri http://r.cnpmjs.org/brower-sync
14 verbose request uri http://r.cnpmjs.org/brower-sync
15 verbose request no auth needed
16 info attempt registry request try #1 at 10:49:54
17 verbose request id 65812e7b806088a0
18 http request GET http://r.cnpmjs.org/brower-sync
19 http 404 http://r.cnpmjs.org/brower-sync
20 verbose headers { server: 'nginx/1.4.6 (Ubuntu)',
20 verbose headers   date: 'Sat, 27 Aug 2016 02:49:53 GMT',
20 verbose headers   'content-type': 'application/json; charset=utf-8',
20 verbose headers   'transfer-encoding': 'chunked',
20 verbose headers   connection: 'keep-alive',
20 verbose headers   'x-current-requests': '1',
20 verbose headers   'x-readtime': '7',
20 verbose headers   'content-encoding': 'gzip' }
21 silly get cb [ 404,
21 silly get   { server: 'nginx/1.4.6 (Ubuntu)',
21 silly get     date: 'Sat, 27 Aug 2016 02:49:53 GMT',
21 silly get     'content-type': 'application/json; charset=utf-8',
21 silly get     'transfer-encoding': 'chunked',
21 silly get     connection: 'keep-alive',
21 silly get     'x-current-requests': '1',
21 silly get     'x-readtime': '7',
21 silly get     'content-encoding': 'gzip' } ]
22 silly fetchPackageMetaData Error: 404 Not Found: brower-sync
22 silly fetchPackageMetaData     at makeError (/usr/local/lib/node_modules/npm/node_modules/npm-registry-client/lib/request.js:264:12)
22 silly fetchPackageMetaData     at CachingRegistryClient.<anonymous> (/usr/local/lib/node_modules/npm/node_modules/npm-registry-client/lib/request.js:250:14)
22 silly fetchPackageMetaData     at /usr/local/lib/node_modules/npm/node_modules/npm-registry-client/lib/request.js:178:7
22 silly fetchPackageMetaData     at Gunzip.onEnd (zlib.js:227:5)
22 silly fetchPackageMetaData     at emitNone (events.js:91:20)
22 silly fetchPackageMetaData     at Gunzip.emit (events.js:185:7)
22 silly fetchPackageMetaData     at endReadableNT (_stream_readable.js:926:12)
22 silly fetchPackageMetaData     at _combinedTickCallback (internal/process/next_tick.js:74:11)
22 silly fetchPackageMetaData     at process._tickCallback (internal/process/next_tick.js:98:9)
22 silly fetchPackageMetaData  error for brower-sync { Error: 404 Not Found: brower-sync
22 silly fetchPackageMetaData     at makeError (/usr/local/lib/node_modules/npm/node_modules/npm-registry-client/lib/request.js:264:12)
22 silly fetchPackageMetaData     at CachingRegistryClient.<anonymous> (/usr/local/lib/node_modules/npm/node_modules/npm-registry-client/lib/request.js:250:14)
22 silly fetchPackageMetaData     at /usr/local/lib/node_modules/npm/node_modules/npm-registry-client/lib/request.js:178:7
22 silly fetchPackageMetaData     at Gunzip.onEnd (zlib.js:227:5)
22 silly fetchPackageMetaData     at emitNone (events.js:91:20)
22 silly fetchPackageMetaData     at Gunzip.emit (events.js:185:7)
22 silly fetchPackageMetaData     at endReadableNT (_stream_readable.js:926:12)
22 silly fetchPackageMetaData     at _combinedTickCallback (internal/process/next_tick.js:74:11)
22 silly fetchPackageMetaData     at process._tickCallback (internal/process/next_tick.js:98:9) pkgid: 'brower-sync', statusCode: 404, code: 'E404' }
23 silly rollbackFailedOptional Starting
24 silly rollbackFailedOptional Finishing
25 silly runTopLevelLifecycles Starting
26 silly runTopLevelLifecycles Finishing
27 silly install printInstalled
28 verbose stack Error: 404 Not Found: brower-sync
28 verbose stack     at makeError (/usr/local/lib/node_modules/npm/node_modules/npm-registry-client/lib/request.js:264:12)
28 verbose stack     at CachingRegistryClient.<anonymous> (/usr/local/lib/node_modules/npm/node_modules/npm-registry-client/lib/request.js:250:14)
28 verbose stack     at /usr/local/lib/node_modules/npm/node_modules/npm-registry-client/lib/request.js:178:7
28 verbose stack     at Gunzip.onEnd (zlib.js:227:5)
28 verbose stack     at emitNone (events.js:91:20)
28 verbose stack     at Gunzip.emit (events.js:185:7)
28 verbose stack     at endReadableNT (_stream_readable.js:926:12)
28 verbose stack     at _combinedTickCallback (internal/process/next_tick.js:74:11)
28 verbose stack     at process._tickCallback (internal/process/next_tick.js:98:9)
29 verbose statusCode 404
30 verbose pkgid brower-sync
31 verbose cwd /feFile/vue/jzm-vue/test
32 error Darwin 15.6.0
33 error argv "/usr/local/bin/node" "/usr/local/bin/npm" "install" "-g" "brower-sync"
34 error node v6.2.0
35 error npm  v3.8.9
36 error code E404
37 error 404 Not Found: brower-sync
38 error 404
39 error 404 'brower-sync' is not in the npm registry.
40 error 404 You should bug the author to publish it (or use the name yourself!)
41 error 404 Note that you can also install from a
42 error 404 tarball, folder, http url, or git url.
43 verbose exit [ 1, true ]
